[ 2016-02-07 22:41:20.9105 55672/0x7fff7e983300 age/Wat/WatchdogMain.cpp:1276 ]: Starting Passenger watchdog...
[ 2016-02-07 22:41:20.9316 55674/0x7fff7e983300 age/Cor/CoreMain.cpp:957 ]: Starting Passenger core...
[ 2016-02-07 22:41:20.9324 55674/0x7fff7e983300 age/Cor/CoreMain.cpp:234 ]: Passenger core running in multi-application mode.
[ 2016-02-07 22:41:20.9421 55674/0x7fff7e983300 age/Cor/CoreMain.cpp:707 ]: Passenger core online, PID 55674
[ 2016-02-07 22:41:20.9499 55676/0x7fff7e983300 age/Ust/UstRouterMain.cpp:504 ]: Starting Passenger UstRouter...
[ 2016-02-07 22:41:20.9508 55676/0x7fff7e983300 age/Ust/UstRouterMain.cpp:317 ]: Passenger UstRouter online, PID 55676
App 55690 stdout: 
App 55703 stdout: 
App 55719 stdout: 
App 55703 stdout: #<User:0x007ffe34be6ad8>
[ 2016-02-07 22:46:30.2722 55674/0x1056fc000 age/Cor/CoreMain.cpp:794 ]: Checking whether to disconnect long-running connections for process 55703, application /Users/xksusha/Desktop/Dev/Toptal/project-ksenia-kanishcheva/public (production)

[ 2016-02-07 22:55:18.4027 55674/0x105926000 age/Cor/CoreMain.cpp:507 ]: Signal received. Gracefully shutting down... (send signal 2 more time(s) to force shutdown)
[ 2016-02-07 22:55:18.4028 55674/0x7fff7e983300 age/Cor/CoreMain.cpp:876 ]: Received command to shutdown gracefully. Waiting until all clients have disconnected...
[ 2016-02-07 22:55:18.4028 55674/0x7fff7e983300 age/Cor/CoreMain.cpp:794 ]: Checking whether to disconnect long-running connections for process 55719, application /Users/xksusha/Desktop/Dev/Toptal/project-ksenia-kanishcheva/public (production)

[ 2016-02-07 22:55:18.4031 55676/0x10fdb5000 age/Ust/UstRouterMain.cpp:397 ]: Signal received. Gracefully shutting down... (send signal 2 more time(s) to force shutdown)
[ 2016-02-07 22:55:18.4034 55676/0x7fff7e983300 age/Ust/UstRouterMain.cpp:467 ]: Received command to shutdown gracefully. Waiting until all clients have disconnected...
[ 2016-02-07 22:55:18.4043 55676/0x10fdb5000 Ser/Server.h:444 ]: [UstRouter] Shutdown finished
[ 2016-02-07 22:55:18.4053 55676/0x10febb000 Ser/Server.h:758 ]: [UstRouterApiServer] Freed 0 spare client objects
[ 2016-02-07 22:55:18.4053 55674/0x105a2c000 Ser/Server.h:758 ]: [ServerThr.2] Freed 128 spare client objects
[ 2016-02-07 22:55:18.4054 55676/0x10febb000 Ser/Server.h:444 ]: [UstRouterApiServer] Shutdown finished
[ 2016-02-07 22:55:18.4054 55674/0x105a2c000 Ser/Server.h:444 ]: [ServerThr.2] Shutdown finished
[ 2016-02-07 22:55:18.4056 55674/0x105c38000 Ser/Server.h:758 ]: [ServerThr.4] Freed 128 spare client objects
[ 2016-02-07 22:55:18.4056 55674/0x105c38000 Ser/Server.h:444 ]: [ServerThr.4] Shutdown finished
[ 2016-02-07 22:55:18.4058 55674/0x105b32000 Ser/Server.h:758 ]: [ServerThr.3] Freed 128 spare client objects
[ 2016-02-07 22:55:18.4059 55674/0x105b32000 Ser/Server.h:444 ]: [ServerThr.3] Shutdown finished
[ 2016-02-07 22:55:18.4060 55674/0x105926000 Ser/Server.h:758 ]: [ServerThr.1] Freed 128 spare client objects
[ 2016-02-07 22:55:18.4060 55674/0x105926000 Ser/Server.h:444 ]: [ServerThr.1] Shutdown finished
[ 2016-02-07 22:55:18.4061 55674/0x105d3e000 Ser/Server.h:758 ]: [ApiServer] Freed 0 spare client objects
[ 2016-02-07 22:55:18.4064 55674/0x105d3e000 Ser/Server.h:444 ]: [ApiServer] Shutdown finished
[ 2016-02-07 22:55:18.4072 55676/0x7fff7e983300 age/Ust/UstRouterMain.cpp:498 ]: Passenger UstRouter shutdown finished
[ 2016-02-07 22:55:18.4076 55674/0x7fff7e983300 age/Cor/CoreMain.cpp:794 ]: Checking whether to disconnect long-running connections for process 55719, application /Users/xksusha/Desktop/Dev/Toptal/project-ksenia-kanishcheva/public (production)
[ 2016-02-07 22:55:18.7251 55674/0x7fff7e983300 age/Cor/CoreMain.cpp:942 ]: Passenger core shutdown finished
